["\\x0b"]
[FunctionInvocation, "/pagead/gen_204?id=iframecopy&log="]
[FunctionInvocation, "visibility:hidden;position:absolute;line-height:0;padding:0;margin:0;border:0;height:1em;"]
[IfStatement, "\\\\u"]
[/(?:^|:|,)(?:[\\s\\u2028\\u2029]
[FunctionDeclaration, lb]
[FunctionInvocation, getauthtoken]
[FunctionInvocation, createchannel]
[google_hints]
[FunctionInvocation, "stopiteration"]
[stopiteration]
[/webkit\\/(\\s+)/]
[/</g]
[TryStatement, error]
[LoopStatement, ya]
[/rv\\:([^\\);]
[fu]
[IfStatement, rpctoken]
[FunctionInvocation, "&ref="]
[FunctionInvocation, capturestacktrace]
[IfStatement, ".."]
["stopiteration"]
[google_ui_features]
["callback"]
[LoopStatement, fb]
[SwitchStatement, "input"]
